{"/home/fknight/MyProjects/Igma/src/controllers/UserController.ts": {"path":"/home/fknight/MyProjects/Igma/src/controllers/UserController.ts","statementMap":{"0":{"start":{"line":3,"column":0},"end":{"line":3,"column":51}},"1":{"start":{"line":8,"column":31},"end":{"line":8,"column":39}},"2":{"start":{"line":10,"column":2},"end":{"line":10,"column":36}},"3":{"start":{"line":12,"column":2},"end":{"line":12,"column":63}},"4":{"start":{"line":6,"column":0},"end":{"line":6,"column":7}},"5":{"start":{"line":16,"column":18},"end":{"line":16,"column":27}},"6":{"start":{"line":18,"column":20},"end":{"line":18,"column":62}},"7":{"start":{"line":20,"column":2},"end":{"line":20,"column":36}},"8":{"start":{"line":15,"column":0},"end":{"line":15,"column":7}},"9":{"start":{"line":24,"column":19},"end":{"line":24,"column":28}},"10":{"start":{"line":26,"column":23},"end":{"line":26,"column":64}},"11":{"start":{"line":28,"column":2},"end":{"line":28,"column":37}},"12":{"start":{"line":23,"column":0},"end":{"line":23,"column":7}}},"fnMap":{"0":{"name":"userRegister","decl":{"start":{"line":6,"column":22},"end":{"line":6,"column":34}},"loc":{"start":{"line":6,"column":60},"end":{"line":13,"column":1}}},"1":{"name":"findByCpf","decl":{"start":{"line":15,"column":22},"end":{"line":15,"column":31}},"loc":{"start":{"line":15,"column":57},"end":{"line":21,"column":1}}},"2":{"name":"findUsers","decl":{"start":{"line":23,"column":22},"end":{"line":23,"column":31}},"loc":{"start":{"line":23,"column":57},"end":{"line":29,"column":1}}}},"branchMap":{},"s":{"0":1,"1":11,"2":11,"3":9,"4":1,"5":2,"6":2,"7":1,"8":1,"9":4,"10":4,"11":4,"12":1},"f":{"0":11,"1":2,"2":4},"b":{}}
,"/home/fknight/MyProjects/Igma/src/routes/UserRoutes.ts": {"path":"/home/fknight/MyProjects/Igma/src/routes/UserRoutes.ts","statementMap":{"0":{"start":{"line":1,"column":0},"end":{"line":1,"column":33}},"1":{"start":{"line":2,"column":0},"end":{"line":2,"column":83}},"2":{"start":{"line":3,"column":0},"end":{"line":3,"column":59}},"3":{"start":{"line":5,"column":19},"end":{"line":5,"column":27}},"4":{"start":{"line":7,"column":0},"end":{"line":7,"column":59}},"5":{"start":{"line":8,"column":0},"end":{"line":8,"column":35}},"6":{"start":{"line":9,"column":0},"end":{"line":9,"column":36}},"7":{"start":{"line":11,"column":0},"end":{"line":11,"column":26}}},"fnMap":{},"branchMap":{},"s":{"0":1,"1":1,"2":1,"3":1,"4":1,"5":1,"6":1,"7":1},"f":{},"b":{}}
,"/home/fknight/MyProjects/Igma/src/services/UserService.ts": {"path":"/home/fknight/MyProjects/Igma/src/services/UserService.ts","statementMap":{"0":{"start":{"line":2,"column":0},"end":{"line":2,"column":57}},"1":{"start":{"line":3,"column":0},"end":{"line":3,"column":60}},"2":{"start":{"line":5,"column":0},"end":{"line":5,"column":64}},"3":{"start":{"line":8,"column":2},"end":{"line":20,"column":null}},"4":{"start":{"line":10,"column":21},"end":{"line":10,"column":61}},"5":{"start":{"line":12,"column":4},"end":{"line":12,"column":66}},"6":{"start":{"line":12,"column":17},"end":{"line":12,"column":66}},"7":{"start":{"line":14,"column":4},"end":{"line":14,"column":44}},"8":{"start":{"line":15,"column":4},"end":{"line":15,"column":35}},"9":{"start":{"line":17,"column":4},"end":{"line":17,"column":38}},"10":{"start":{"line":19,"column":4},"end":{"line":19,"column":42}},"11":{"start":{"line":24,"column":20},"end":{"line":24,"column":55}},"12":{"start":{"line":26,"column":2},"end":{"line":28,"column":null}},"13":{"start":{"line":27,"column":4},"end":{"line":27,"column":57}},"14":{"start":{"line":30,"column":2},"end":{"line":30,"column":14}},"15":{"start":{"line":34,"column":2},"end":{"line":38,"column":null}},"16":{"start":{"line":35,"column":4},"end":{"line":35,"column":47}},"17":{"start":{"line":37,"column":4},"end":{"line":37,"column":46}},"18":{"start":{"line":41,"column":21},"end":{"line":45,"column":2}},"19":{"start":{"line":47,"column":0},"end":{"line":47,"column":28}}},"fnMap":{"0":{"name":"register","decl":{"start":{"line":7,"column":15},"end":{"line":7,"column":23}},"loc":{"start":{"line":7,"column":44},"end":{"line":21,"column":1}}},"1":{"name":"getUser","decl":{"start":{"line":23,"column":15},"end":{"line":23,"column":22}},"loc":{"start":{"line":23,"column":33},"end":{"line":31,"column":1}}},"2":{"name":"getUsers","decl":{"start":{"line":33,"column":15},"end":{"line":33,"column":23}},"loc":{"start":{"line":33,"column":35},"end":{"line":39,"column":1}}}},"branchMap":{"0":{"loc":{"start":{"line":8,"column":2},"end":{"line":20,"column":null}},"type":"if","locations":[{"start":{"line":8,"column":2},"end":{"line":20,"column":null}},{"start":{"line":18,"column":8},"end":{"line":20,"column":null}}]},"1":{"loc":{"start":{"line":12,"column":4},"end":{"line":12,"column":66}},"type":"if","locations":[{"start":{"line":12,"column":4},"end":{"line":12,"column":66}}]},"2":{"loc":{"start":{"line":26,"column":2},"end":{"line":28,"column":null}},"type":"if","locations":[{"start":{"line":26,"column":2},"end":{"line":28,"column":null}}]},"3":{"loc":{"start":{"line":34,"column":2},"end":{"line":38,"column":null}},"type":"if","locations":[{"start":{"line":34,"column":2},"end":{"line":38,"column":null}},{"start":{"line":36,"column":8},"end":{"line":38,"column":null}}]}},"s":{"0":2,"1":2,"2":2,"3":14,"4":12,"5":12,"6":2,"7":10,"8":10,"9":10,"10":2,"11":4,"12":4,"13":2,"14":2,"15":6,"16":4,"17":2,"18":2,"19":2},"f":{"0":14,"1":4,"2":6},"b":{"0":[12,2],"1":[2],"2":[2],"3":[4,2]}}
}
