TN:
SF:src/controllers/UserController.ts
FN:6,userRegister
FN:15,findByCpf
FN:23,findUsers
FNF:3
FNH:3
FNDA:11,userRegister
FNDA:2,findByCpf
FNDA:4,findUsers
DA:3,1
DA:6,1
DA:8,11
DA:10,11
DA:12,9
DA:15,1
DA:16,2
DA:18,2
DA:20,1
DA:23,1
DA:24,4
DA:26,4
DA:28,4
LF:13
LH:13
BRF:0
BRH:0
end_of_record
TN:
SF:src/routes/UserRoutes.ts
FNF:0
FNH:0
DA:1,1
DA:2,1
DA:3,1
DA:5,1
DA:7,1
DA:8,1
DA:9,1
DA:11,1
LF:8
LH:8
BRF:0
BRH:0
end_of_record
TN:
SF:src/services/UserService.ts
FN:7,register
FN:23,getUser
FN:33,getUsers
FNF:3
FNH:3
FNDA:14,register
FNDA:4,getUser
FNDA:6,getUsers
DA:2,2
DA:3,2
DA:5,2
DA:8,14
DA:10,12
DA:12,12
DA:14,10
DA:15,10
DA:17,10
DA:19,2
DA:24,4
DA:26,4
DA:27,2
DA:30,2
DA:34,6
DA:35,4
DA:37,2
DA:41,2
DA:47,2
LF:19
LH:19
BRDA:8,0,0,12
BRDA:8,0,1,2
BRDA:12,1,0,2
BRDA:26,2,0,2
BRDA:34,3,0,4
BRDA:34,3,1,2
BRF:6
BRH:6
end_of_record
